# JRE version: Java(TM) SE Runtime Environment (8.0_91-b14) (build 1.8.0_91-b14)
# Java VM: Java HotSpot(TM) 64-Bit Server VM (25.91-b14 mixed mode windows-amd64 compressed oops)
Heap:
 PSYoungGen      total 138240K, used 5100K [0x00000000d5700000, 0x00000000e6780000, 0x0000000100000000)
  eden space 133120K, 0% used [0x00000000d5700000,0x00000000d5700000,0x00000000dd900000)
  from space 5120K, 99% used [0x00000000dd900000,0x00000000dddfb010,0x00000000dde00000)
  to   space 60416K, 0% used [0x00000000e2c80000,0x00000000e2c80000,0x00000000e6780000)
 ParOldGen       total 172544K, used 129594K [0x0000000080400000, 0x000000008ac80000, 0x00000000d5700000)
  object space 172544K, 75% used [0x0000000080400000,0x000000008828ea88,0x000000008ac80000)
 Metaspace       used 3318K, capacity 4600K, committed 4864K, reserved 1056768K
  class space    used 389K, capacity 424K, committed 512K, reserved 1048576K
GC Heap History (10 events):
Event: 0.933 GC heap after
Heap after GC invocations=2 (full 0):
 PSYoungGen      total 71680K, used 5113K [0x00000000d5700000, 0x00000000da200000, 0x0000000100000000)
  eden space 66560K, 0% used [0x00000000d5700000,0x00000000d5700000,0x00000000d9800000)
  from space 5120K, 99% used [0x00000000d9d00000,0x00000000da1fe7a8,0x00000000da200000)
  to   space 5120K, 0% used [0x00000000d9800000,0x00000000d9800000,0x00000000d9d00000)
 ParOldGen       total 87552K, used 20776K [0x0000000080400000, 0x0000000085980000, 0x00000000d5700000)
  object space 87552K, 23% used [0x0000000080400000,0x000000008184a000,0x0000000085980000)
 Metaspace       used 3318K, capacity 4600K, committed 4864K, reserved 1056768K
  class space    used 389K, capacity 424K, committed 512K, reserved 1048576K
}
Event: 1.767 GC heap before
{Heap before GC invocations=3 (full 0):
 PSYoungGen      total 71680K, used 71673K [0x00000000d5700000, 0x00000000da200000, 0x0000000100000000)
  eden space 66560K, 100% used [0x00000000d5700000,0x00000000d9800000,0x00000000d9800000)
  from space 5120K, 99% used [0x00000000d9d00000,0x00000000da1fe7a8,0x00000000da200000)
  to   space 5120K, 0% used [0x00000000d9800000,0x00000000d9800000,0x00000000d9d00000)
 ParOldGen       total 87552K, used 20776K [0x0000000080400000, 0x0000000085980000, 0x00000000d5700000)
  object space 87552K, 23% used [0x0000000080400000,0x000000008184a000,0x0000000085980000)
 Metaspace       used 3318K, capacity 4600K, committed 4864K, reserved 1056768K
  class space    used 389K, capacity 424K, committed 512K, reserved 1048576K
Event: 1.800 GC heap after
Heap after GC invocations=3 (full 0):
 PSYoungGen      total 71680K, used 5102K [0x00000000d5700000, 0x00000000de300000, 0x0000000100000000)
  eden space 66560K, 0% used [0x00000000d5700000,0x00000000d5700000,0x00000000d9800000)
  from space 5120K, 99% used [0x00000000d9800000,0x00000000d9cfb908,0x00000000d9d00000)
  to   space 5120K, 0% used [0x00000000dde00000,0x00000000dde00000,0x00000000de300000)
 ParOldGen       total 87552K, used 47544K [0x0000000080400000, 0x0000000085980000, 0x00000000d5700000)
  object space 87552K, 54% used [0x0000000080400000,0x000000008326e000,0x0000000085980000)
 Metaspace       used 3318K, capacity 4600K, committed 4864K, reserved 1056768K
  class space    used 389K, capacity 424K, committed 512K, reserved 1048576K
}
Event: 2.626 GC heap before
{Heap before GC invocations=4 (full 0):
 PSYoungGen      total 71680K, used 71662K [0x00000000d5700000, 0x00000000de300000, 0x0000000100000000)
  eden space 66560K, 100% used [0x00000000d5700000,0x00000000d9800000,0x00000000d9800000)
  from space 5120K, 99% used [0x00000000d9800000,0x00000000d9cfb908,0x00000000d9d00000)
  to   space 5120K, 0% used [0x00000000dde00000,0x00000000dde00000,0x00000000de300000)
 ParOldGen       total 87552K, used 47544K [0x0000000080400000, 0x0000000085980000, 0x00000000d5700000)
  object space 87552K, 54% used [0x0000000080400000,0x000000008326e000,0x0000000085980000)
 Metaspace       used 3318K, capacity 4600K, committed 4864K, reserved 1056768K
  class space    used 389K, capacity 424K, committed 512K, reserved 1048576K
Event: 2.676 GC heap after
Heap after GC invocations=4 (full 0):
 PSYoungGen      total 138240K, used 5104K [0x00000000d5700000, 0x00000000de300000, 0x0000000100000000)
  eden space 133120K, 0% used [0x00000000d5700000,0x00000000d5700000,0x00000000dd900000)
  from space 5120K, 99% used [0x00000000dde00000,0x00000000de2fc010,0x00000000de300000)
  to   space 5120K, 0% used [0x00000000dd900000,0x00000000dd900000,0x00000000dde00000)
 ParOldGen       total 87552K, used 74653K [0x0000000080400000, 0x0000000085980000, 0x00000000d5700000)
  object space 87552K, 85% used [0x0000000080400000,0x0000000084ce7568,0x0000000085980000)
 Metaspace       used 3318K, capacity 4600K, committed 4864K, reserved 1056768K
  class space    used 389K, capacity 424K, committed 512K, reserved 1048576K
}
Event: 2.676 GC heap before
{Heap before GC invocations=5 (full 1):
 PSYoungGen      total 138240K, used 5104K [0x00000000d5700000, 0x00000000de300000, 0x0000000100000000)
  eden space 133120K, 0% used [0x00000000d5700000,0x00000000d5700000,0x00000000dd900000)
  from space 5120K, 99% used [0x00000000dde00000,0x00000000de2fc010,0x00000000de300000)
  to   space 5120K, 0% used [0x00000000dd900000,0x00000000dd900000,0x00000000dde00000)
 ParOldGen       total 87552K, used 74653K [0x0000000080400000, 0x0000000085980000, 0x00000000d5700000)
  object space 87552K, 85% used [0x0000000080400000,0x0000000084ce7568,0x0000000085980000)
 Metaspace       used 3318K, capacity 4600K, committed 4864K, reserved 1056768K
  class space    used 389K, capacity 424K, committed 512K, reserved 1048576K
Event: 3.206 GC heap after
Heap after GC invocations=5 (full 1):
 PSYoungGen      total 138240K, used 0K [0x00000000d5700000, 0x00000000de300000, 0x0000000100000000)
  eden space 133120K, 0% used [0x00000000d5700000,0x00000000d5700000,0x00000000dd900000)
  from space 5120K, 0% used [0x00000000dde00000,0x00000000dde00000,0x00000000de300000)
  to   space 5120K, 0% used [0x00000000dd900000,0x00000000dd900000,0x00000000dde00000)
 ParOldGen       total 172544K, used 77186K [0x0000000080400000, 0x000000008ac80000, 0x00000000d5700000)
  object space 172544K, 44% used [0x0000000080400000,0x0000000084f60a88,0x000000008ac80000)
 Metaspace       used 3318K, capacity 4600K, committed 4864K, reserved 1056768K
  class space    used 389K, capacity 424K, committed 512K, reserved 1048576K
}
Event: 4.922 GC heap before
{Heap before GC invocations=6 (full 1):
 PSYoungGen      total 138240K, used 133120K [0x00000000d5700000, 0x00000000de300000, 0x0000000100000000)
  eden space 133120K, 100% used [0x00000000d5700000,0x00000000dd900000,0x00000000dd900000)
  from space 5120K, 0% used [0x00000000dde00000,0x00000000dde00000,0x00000000de300000)
  to   space 5120K, 0% used [0x00000000dd900000,0x00000000dd900000,0x00000000dde00000)
 ParOldGen       total 172544K, used 77186K [0x0000000080400000, 0x000000008ac80000, 0x00000000d5700000)
  object space 172544K, 44% used [0x0000000080400000,0x0000000084f60a88,0x000000008ac80000)
 Metaspace       used 3318K, capacity 4600K, committed 4864K, reserved 1056768K
  class space    used 389K, capacity 424K, committed 512K, reserved 1048576K
Event: 4.981 GC heap after
Heap after GC invocations=6 (full 1):
 PSYoungGen      total 138240K, used 5100K [0x00000000d5700000, 0x00000000e6780000, 0x0000000100000000)
  eden space 133120K, 0% used [0x00000000d5700000,0x00000000d5700000,0x00000000dd900000)
  from space 5120K, 99% used [0x00000000dd900000,0x00000000dddfb010,0x00000000dde00000)
  to   space 60416K, 0% used [0x00000000e2c80000,0x00000000e2c80000,0x00000000e6780000)
 ParOldGen       total 172544K, used 129594K [0x0000000080400000, 0x000000008ac80000, 0x00000000d5700000)
  object space 172544K, 75% used [0x0000000080400000,0x000000008828ea88,0x000000008ac80000)
 Metaspace       used 3318K, capacity 4600K, committed 4864K, reserved 1056768K
  class space    used 389K, capacity 424K, committed 512K, reserved 1048576K
}
Event: 4.981 GC heap before
{Heap before GC invocations=7 (full 2):
 PSYoungGen      total 138240K, used 5100K [0x00000000d5700000, 0x00000000e6780000, 0x0000000100000000)
  eden space 133120K, 0% used [0x00000000d5700000,0x00000000d5700000,0x00000000dd900000)
  from space 5120K, 99% used [0x00000000dd900000,0x00000000dddfb010,0x00000000dde00000)
  to   space 60416K, 0% used [0x00000000e2c80000,0x00000000e2c80000,0x00000000e6780000)
 ParOldGen       total 172544K, used 129594K [0x0000000080400000, 0x000000008ac80000, 0x00000000d5700000)
  object space 172544K, 75% used [0x0000000080400000,0x000000008828ea88,0x000000008ac80000)
 Metaspace       used 3318K, capacity 4600K, committed 4864K, reserved 1056768K
  class space    used 389K, capacity 424K, committed 512K, reserved 1048576K

